#
# There is insufficient memory for the Java Runtime Environment to continue.
# Native memory allocation (malloc) failed to allocate 32744 bytes for ChunkPool::allocate
# Possible reasons:
#   The system is out of physical RAM or swap space
#   In 32 bit mode, the process size limit was hit
# Possible solutions:
#   Reduce memory load on the system
#   Increase physical memory or swap space
#   Check if swap backing store is full
#   Use 64 bit Java on a 64 bit OS
#   Decrease Java heap size (-Xmx/-Xms)
#   Decrease number of Java threads
#   Decrease Java thread stack sizes (-Xss)
#   Set larger code cache with -XX:ReservedCodeCacheSize=
# This output file may be truncated or incomplete.
#
#  Out of Memory Error (allocation.cpp:273), pid=11916, tid=0x0000000000002ccc
#
# JRE version: Java(TM) SE Runtime Environment (8.0_111-b14) (build 1.8.0_111-b14)
# Java VM: Java HotSpot(TM) 64-Bit Server VM (25.111-b14 mixed mode windows-amd64 compressed oops)
# Failed to write core dump. Minidumps are not enabled by default on client versions of Windows
#

---------------  T H R E A D  ---------------

Current thread (0x0000000017181000):  JavaThread "C2 CompilerThread0" daemon [_thread_in_native, id=11468, stack(0x0000000018de0000,0x0000000018ee0000)]

Stack: [0x0000000018de0000,0x0000000018ee0000]
[error occurred during error reporting (printing stack bounds), id 0xc0000005]

Native frames: (J=compiled Java code, j=interpreted, Vv=VM code, C=native code)


Current CompileTask:
C2:   6249 2462       4       org.springframework.core.type.classreading.AnnotationReadingVisitorUtils::getMergedAnnotationAttributes (244 bytes)


---------------  P R O C E S S  ---------------

Java Threads: ( => current thread )
  0x000000001a29b000 JavaThread "restartedMain" [_thread_in_native, id=12624, stack(0x000000001c730000,0x000000001c830000)]
  0x000000001a29a800 JavaThread "Thread-1" [_thread_blocked, id=9532, stack(0x000000001c630000,0x000000001c730000)]
  0x0000000019a3d000 JavaThread "RMI TCP Accept-0" daemon [_thread_in_native, id=10348, stack(0x0000000019fe0000,0x000000001a0e0000)]
  0x0000000019a19000 JavaThread "RMI TCP Accept-53312" daemon [_thread_in_native, id=9952, stack(0x0000000019ee0000,0x0000000019fe0000)]
  0x000000001998f800 JavaThread "RMI TCP Accept-0" daemon [_thread_in_native, id=12164, stack(0x0000000019de0000,0x0000000019ee0000)]
  0x0000000018f30000 JavaThread "Service Thread" daemon [_thread_blocked, id=2212, stack(0x00000000194e0000,0x00000000195e0000)]
  0x00000000171ab800 JavaThread "C1 CompilerThread2" daemon [_thread_blocked, id=7564, stack(0x00000000193e0000,0x00000000194e0000)]
  0x00000000171a9800 JavaThread "C2 CompilerThread1" daemon [_thread_in_native, id=10628, stack(0x00000000192e0000,0x00000000193e0000)]
=>0x0000000017181000 JavaThread "C2 CompilerThread0" daemon [_thread_in_native, id=11468, stack(0x0000000018de0000,0x0000000018ee0000)]
  0x0000000017172800 JavaThread "JDWP Command Reader" daemon [_thread_in_native, id=7684, stack(0x0000000018ce0000,0x0000000018de0000)]
  0x0000000017171800 JavaThread "JDWP Event Helper Thread" daemon [_thread_blocked, id=10488, stack(0x0000000018be0000,0x0000000018ce0000)]
  0x000000001716c000 JavaThread "JDWP Transport Listener: dt_socket" daemon [_thread_blocked, id=9124, stack(0x0000000018ae0000,0x0000000018be0000)]
  0x0000000017158800 JavaThread "Attach Listener" daemon [_thread_blocked, id=8784, stack(0x00000000186a0000,0x00000000187a0000)]
  0x0000000017157800 JavaThread "Signal Dispatcher" daemon [_thread_blocked, id=12136, stack(0x00000000185a0000,0x00000000186a0000)]
  0x0000000017140000 JavaThread "Finalizer" daemon [_thread_blocked, id=872, stack(0x00000000183a0000,0x00000000184a0000)]
  0x0000000017119000 JavaThread "Reference Handler" daemon [_thread_blocked, id=12884, stack(0x00000000182a0000,0x00000000183a0000)]
  0x00000000024f7800 JavaThread "main" [_thread_blocked, id=7128, stack(0x00000000023f0000,0x00000000024f0000)]

Other Threads:
  0x0000000017117800 VMThread [stack: 0x00000000181a0000,0x00000000182a0000] [id=9296]
  0x0000000019a54800 WatcherThread [stack: 0x000000001a0e0000,0x000000001a1e0000] [id=13180]

VM state:not at safepoint (normal execution)

VM Mutex/Monitor currently owned by a thread: None

Heap:
 PSYoungGen      total 114688K, used 33280K [0x00000000d5d00000, 0x00000000dee80000, 0x0000000100000000)
  eden space 103936K, 23% used [0x00000000d5d00000,0x00000000d751ee88,0x00000000dc280000)
  from space 10752K, 79% used [0x00000000dd980000,0x00000000de1e11c8,0x00000000de400000)
  to   space 5120K, 0% used [0x00000000de980000,0x00000000de980000,0x00000000dee80000)
 ParOldGen       total 62464K, used 9789K [0x0000000081600000, 0x0000000085300000, 0x00000000d5d00000)
  object space 62464K, 15% used [0x0000000081600000,0x0000000081f8f570,0x0000000085300000)
 Metaspace       used 25870K, capacity 26302K, committed 26368K, reserved 1073152K
  class space    used 3196K, capacity 3279K, committed 3328K, reserved 1048576K

Card table byte_map: [0x00000000119b0000,0x0000000011db0000] byte_map_base: 0x00000000115a5000

Marking Bits: (ParMarkBitMap*) 0x000000006e8fa6c0
 Begin Bits: [0x0000000012460000, 0x0000000014408000)
 End Bits:   [0x0000000014408000, 0x00000000163b0000)

Polling page: 0x00000000007c0000

CodeCache: size=245760Kb used=9751Kb max_used=9751Kb free=236008Kb
 bounds [0x00000000025f0000, 0x0000000002f80000, 0x00000000115f0000]
 total_blobs=2925 nmethods=2528 adapters=317
 compilation: enabled

Compilation events (10 events):
Event: 6.220 Thread 0x00000000171ab800 2555       3       org.springframework.core.ResolvableType::getInterfaces (50 bytes)
Event: 6.222 Thread 0x00000000171ab800 nmethod 2555 0x0000000002f78110 code [0x0000000002f78340, 0x0000000002f791e8]
Event: 6.235 Thread 0x00000000171ab800 2556       3       java.io.FilePermission$1::<init> (10 bytes)
Event: 6.235 Thread 0x00000000171ab800 nmethod 2556 0x0000000002f79890 code [0x0000000002f799e0, 0x0000000002f79bb0]
Event: 6.235 Thread 0x00000000171ab800 2557       3       java.io.FilePermission$1::run (5 bytes)
Event: 6.235 Thread 0x00000000171ab800 nmethod 2557 0x0000000002f79c50 code [0x0000000002f79dc0, 0x0000000002f79f68]
Event: 6.239 Thread 0x00000000171ab800 2558       3       sun.net.www.protocol.file.FileURLConnection::getPermission (70 bytes)
Event: 6.239 Thread 0x00000000171ab800 nmethod 2558 0x0000000002f7a010 code [0x0000000002f7a1c0, 0x0000000002f7a758]
Event: 6.243 Thread 0x00000000171ab800 2559       3       org.springframework.core.env.EnumerablePropertySource::containsProperty (9 bytes)
Event: 6.243 Thread 0x00000000171ab800 nmethod 2559 0x0000000002f7a9d0 code [0x0000000002f7ab40, 0x0000000002f7ad98]

GC Heap History (10 events):
Event: 3.036 GC heap before
{Heap before GC invocations=4 (full 0):
 PSYoungGen      total 38400K, used 38379K [0x00000000d5d00000, 0x00000000da800000, 0x0000000100000000)
  eden space 33280K, 100% used [0x00000000d5d00000,0x00000000d7d80000,0x00000000d7d80000)
  from space 5120K, 99% used [0x00000000d7d80000,0x00000000d827adb0,0x00000000d8280000)
  to   space 5120K, 0% used [0x00000000da300000,0x00000000da300000,0x00000000da800000)
 ParOldGen       total 87552K, used 3450K [0x0000000081600000, 0x0000000086b80000, 0x00000000d5d00000)
  object space 87552K, 3% used [0x0000000081600000,0x000000008195e888,0x0000000086b80000)
 Metaspace       used 18788K, capacity 18992K, committed 19328K, reserved 1067008K
  class space    used 2361K, capacity 2414K, committed 2432K, reserved 1048576K
Event: 3.047 GC heap after
Heap after GC invocations=4 (full 0):
 PSYoungGen      total 71680K, used 5114K [0x00000000d5d00000, 0x00000000da800000, 0x0000000100000000)
  eden space 66560K, 0% used [0x00000000d5d00000,0x00000000d5d00000,0x00000000d9e00000)
  from space 5120K, 99% used [0x00000000da300000,0x00000000da7feb58,0x00000000da800000)
  to   space 5120K, 0% used [0x00000000d9e00000,0x00000000d9e00000,0x00000000da300000)
 ParOldGen       total 87552K, used 8013K [0x0000000081600000, 0x0000000086b80000, 0x00000000d5d00000)
  object space 87552K, 9% used [0x0000000081600000,0x0000000081dd3458,0x0000000086b80000)
 Metaspace       used 18788K, capacity 18992K, committed 19328K, reserved 1067008K
  class space    used 2361K, capacity 2414K, committed 2432K, reserved 1048576K
}
Event: 3.369 GC heap before
{Heap before GC invocations=5 (full 0):
 PSYoungGen      total 71680K, used 21425K [0x00000000d5d00000, 0x00000000da800000, 0x0000000100000000)
  eden space 66560K, 24% used [0x00000000d5d00000,0x00000000d6ced978,0x00000000d9e00000)
  from space 5120K, 99% used [0x00000000da300000,0x00000000da7feb58,0x00000000da800000)
  to   space 5120K, 0% used [0x00000000d9e00000,0x00000000d9e00000,0x00000000da300000)
 ParOldGen       total 87552K, used 8013K [0x0000000081600000, 0x0000000086b80000, 0x00000000d5d00000)
  object space 87552K, 9% used [0x0000000081600000,0x0000000081dd3458,0x0000000086b80000)
 Metaspace       used 20898K, capacity 21128K, committed 21296K, reserved 1069056K
  class space    used 2578K, capacity 2658K, committed 2688K, reserved 1048576K
Event: 3.380 GC heap after
Heap after GC invocations=5 (full 0):
 PSYoungGen      total 71680K, used 5117K [0x00000000d5d00000, 0x00000000df400000, 0x0000000100000000)
  eden space 66560K, 0% used [0x00000000d5d00000,0x00000000d5d00000,0x00000000d9e00000)
  from space 5120K, 99% used [0x00000000d9e00000,0x00000000da2ff548,0x00000000da300000)
  to   space 10752K, 0% used [0x00000000de980000,0x00000000de980000,0x00000000df400000)
 ParOldGen       total 87552K, used 10608K [0x0000000081600000, 0x0000000086b80000, 0x00000000d5d00000)
  object space 87552K, 12% used [0x0000000081600000,0x000000008205c3d8,0x0000000086b80000)
 Metaspace       used 20898K, capacity 21128K, committed 21296K, reserved 1069056K
  class space    used 2578K, capacity 2658K, committed 2688K, reserved 1048576K
}
Event: 3.380 GC heap before
{Heap before GC invocations=6 (full 1):
 PSYoungGen      total 71680K, used 5117K [0x00000000d5d00000, 0x00000000df400000, 0x0000000100000000)
  eden space 66560K, 0% used [0x00000000d5d00000,0x00000000d5d00000,0x00000000d9e00000)
  from space 5120K, 99% used [0x00000000d9e00000,0x00000000da2ff548,0x00000000da300000)
  to   space 10752K, 0% used [0x00000000de980000,0x00000000de980000,0x00000000df400000)
 ParOldGen       total 87552K, used 10608K [0x0000000081600000, 0x0000000086b80000, 0x00000000d5d00000)
  object space 87552K, 12% used [0x0000000081600000,0x000000008205c3d8,0x0000000086b80000)
 Metaspace       used 20898K, capacity 21128K, committed 21296K, reserved 1069056K
  class space    used 2578K, capacity 2658K, committed 2688K, reserved 1048576K
Event: 3.426 GC heap after
Heap after GC invocations=6 (full 1):
 PSYoungGen      total 71680K, used 0K [0x00000000d5d00000, 0x00000000df400000, 0x0000000100000000)
  eden space 66560K, 0% used [0x00000000d5d00000,0x00000000d5d00000,0x00000000d9e00000)
  from space 5120K, 0% used [0x00000000d9e00000,0x00000000d9e00000,0x00000000da300000)
  to   space 10752K, 0% used [0x00000000de980000,0x00000000de980000,0x00000000df400000)
 ParOldGen       total 62464K, used 9773K [0x0000000081600000, 0x0000000085300000, 0x00000000d5d00000)
  object space 62464K, 15% used [0x0000000081600000,0x0000000081f8b570,0x0000000085300000)
 Metaspace       used 20898K, capacity 21128K, committed 21296K, reserved 1069056K
  class space    used 2578K, capacity 2658K, committed 2688K, reserved 1048576K
}
Event: 4.578 GC heap before
{Heap before GC invocations=7 (full 1):
 PSYoungGen      total 71680K, used 66560K [0x00000000d5d00000, 0x00000000df400000, 0x0000000100000000)
  eden space 66560K, 100% used [0x00000000d5d00000,0x00000000d9e00000,0x00000000d9e00000)
  from space 5120K, 0% used [0x00000000d9e00000,0x00000000d9e00000,0x00000000da300000)
  to   space 10752K, 0% used [0x00000000de980000,0x00000000de980000,0x00000000df400000)
 ParOldGen       total 62464K, used 9773K [0x0000000081600000, 0x0000000085300000, 0x00000000d5d00000)
  object space 62464K, 15% used [0x0000000081600000,0x0000000081f8b570,0x0000000085300000)
 Metaspace       used 24843K, capacity 25182K, committed 25472K, reserved 1071104K
  class space    used 3055K, capacity 3143K, committed 3200K, reserved 1048576K
Event: 4.586 GC heap after
Heap after GC invocations=7 (full 1):
 PSYoungGen      total 109056K, used 4876K [0x00000000d5d00000, 0x00000000dee80000, 0x0000000100000000)
  eden space 103936K, 0% used [0x00000000d5d00000,0x00000000d5d00000,0x00000000dc280000)
  from space 5120K, 95% used [0x00000000de980000,0x00000000dee432e8,0x00000000dee80000)
  to   space 10752K, 0% used [0x00000000dd980000,0x00000000dd980000,0x00000000de400000)
 ParOldGen       total 62464K, used 9781K [0x0000000081600000, 0x0000000085300000, 0x00000000d5d00000)
  object space 62464K, 15% used [0x0000000081600000,0x0000000081f8d570,0x0000000085300000)
 Metaspace       used 24843K, capacity 25182K, committed 25472K, reserved 1071104K
  class space    used 3055K, capacity 3143K, committed 3200K, reserved 1048576K
}
Event: 5.900 GC heap before
{Heap before GC invocations=8 (full 1):
 PSYoungGen      total 109056K, used 108812K [0x00000000d5d00000, 0x00000000dee80000, 0x0000000100000000)
  eden space 103936K, 100% used [0x00000000d5d00000,0x00000000dc280000,0x00000000dc280000)
  from space 5120K, 95% used [0x00000000de980000,0x00000000dee432e8,0x00000000dee80000)
  to   space 10752K, 0% used [0x00000000dd980000,0x00000000dd980000,0x00000000de400000)
 ParOldGen       total 62464K, used 9781K [0x0000000081600000, 0x0000000085300000, 0x00000000d5d00000)
  object space 62464K, 15% used [0x0000000081600000,0x0000000081f8d570,0x0000000085300000)
 Metaspace       used 25364K, capacity 25718K, committed 25856K, reserved 1071104K
  class space    used 3129K, capacity 3212K, committed 3328K, reserved 1048576K
Event: 5.914 GC heap after
Heap after GC invocations=8 (full 1):
 PSYoungGen      total 114688K, used 8580K [0x00000000d5d00000, 0x00000000dee80000, 0x0000000100000000)
  eden space 103936K, 0% used [0x00000000d5d00000,0x00000000d5d00000,0x00000000dc280000)
  from space 10752K, 79% used [0x00000000dd980000,0x00000000de1e11c8,0x00000000de400000)
  to   space 5120K, 0% used [0x00000000de980000,0x00000000de980000,0x00000000dee80000)
 ParOldGen       total 62464K, used 9789K [0x0000000081600000, 0x0000000085300000, 0x00000000d5d00000)
  object space 62464K, 15% used [0x0000000081600000,0x0000000081f8f570,0x0000000085300000)
 Metaspace       used 25364K, capacity 25718K, committed 25856K, reserved 1071104K
  class space    used 3129K, capacity 3212K, committed 3328K, reserved 1048576K
}

Deoptimization events (10 events):
Event: 6.225 Thread 0x000000001a29b000 Uncommon trap: reason=unhandled action=none pc=0x0000000002b6eef0 method=java.net.URLClassLoader.findClass(Ljava/lang/String;)Ljava/lang/Class; @ 44
Event: 6.226 Thread 0x000000001a29b000 Uncommon trap: reason=unhandled action=none pc=0x0000000002b6eef0 method=java.net.URLClassLoader.findClass(Ljava/lang/String;)Ljava/lang/Class; @ 44
Event: 6.226 Thread 0x000000001a29b000 Uncommon trap: reason=unhandled action=none pc=0x0000000002b6eef0 method=java.net.URLClassLoader.findClass(Ljava/lang/String;)Ljava/lang/Class; @ 44
Event: 6.227 Thread 0x000000001a29b000 Uncommon trap: reason=unhandled action=none pc=0x0000000002b6eef0 method=java.net.URLClassLoader.findClass(Ljava/lang/String;)Ljava/lang/Class; @ 44
Event: 6.228 Thread 0x000000001a29b000 Uncommon trap: reason=unhandled action=none pc=0x0000000002b6eef0 method=java.net.URLClassLoader.findClass(Ljava/lang/String;)Ljava/lang/Class; @ 44
Event: 6.229 Thread 0x000000001a29b000 Uncommon trap: reason=unhandled action=none pc=0x0000000002b6eef0 method=java.net.URLClassLoader.findClass(Ljava/lang/String;)Ljava/lang/Class; @ 44
Event: 6.229 Thread 0x000000001a29b000 Uncommon trap: reason=unhandled action=none pc=0x0000000002b6eef0 method=java.net.URLClassLoader.findClass(Ljava/lang/String;)Ljava/lang/Class; @ 44
Event: 6.230 Thread 0x000000001a29b000 Uncommon trap: reason=unhandled action=none pc=0x0000000002b6eef0 method=java.net.URLClassLoader.findClass(Ljava/lang/String;)Ljava/lang/Class; @ 44
Event: 6.231 Thread 0x000000001a29b000 Uncommon trap: reason=unhandled action=none pc=0x0000000002b6eef0 method=java.net.URLClassLoader.findClass(Ljava/lang/String;)Ljava/lang/Class; @ 44
Event: 6.231 Thread 0x000000001a29b000 Uncommon trap: reason=unhandled action=none pc=0x0000000002b6eef0 method=java.net.URLClassLoader.findClass(Ljava/lang/String;)Ljava/lang/Class; @ 44

Internal exceptions (10 events):
Event: 3.768 Thread 0x000000001a29b000 Exception <a 'java/lang/ClassNotFoundException': org/springframework/beans/factory/BeanClassLoaderAwareCustomizer> (0x00000000d7160850) thrown at [C:\re\workspace\8-2-build-windows-amd64-cygwin\jdk8u111\7883\hotspot\src\share\vm\classfile\systemDictionary
Event: 3.770 Thread 0x000000001a29b000 Exception <a 'java/lang/ClassNotFoundException': org/springframework/context/EnvironmentAwareCustomizer> (0x00000000d717e108) thrown at [C:\re\workspace\8-2-build-windows-amd64-cygwin\jdk8u111\7883\hotspot\src\share\vm\classfile\systemDictionary.cpp, line
Event: 4.559 Thread 0x000000001a29b000 Exception <a 'java/lang/ArrayIndexOutOfBoundsException': 139> (0x00000000d9cf3a10) thrown at [C:\re\workspace\8-2-build-windows-amd64-cygwin\jdk8u111\7883\hotspot\src\share\vm\interpreter\interpreterRuntime.cpp, line 366]
Event: 4.559 Thread 0x000000001a29b000 Exception <a 'java/lang/ArrayIndexOutOfBoundsException': 111> (0x00000000d9cf5100) thrown at [C:\re\workspace\8-2-build-windows-amd64-cygwin\jdk8u111\7883\hotspot\src\share\vm\interpreter\interpreterRuntime.cpp, line 366]
Event: 5.143 Thread 0x000000001a29b000 Exception <a 'java/lang/ArrayIndexOutOfBoundsException': 119> (0x00000000d86f2a50) thrown at [C:\re\workspace\8-2-build-windows-amd64-cygwin\jdk8u111\7883\hotspot\src\share\vm\interpreter\interpreterRuntime.cpp, line 366]
Event: 5.152 Thread 0x000000001a29b000 Exception <a 'java/lang/ArrayIndexOutOfBoundsException': 122> (0x00000000d87d5430) thrown at [C:\re\workspace\8-2-build-windows-amd64-cygwin\jdk8u111\7883\hotspot\src\share\vm\interpreter\interpreterRuntime.cpp, line 366]
Event: 6.215 Thread 0x000000001a29b000 Exception <a 'java/lang/ClassNotFoundException': java/lang/ObjectCustomizer> (0x00000000d718dd90) thrown at [C:\re\workspace\8-2-build-windows-amd64-cygwin\jdk8u111\7883\hotspot\src\share\vm\classfile\systemDictionary.cpp, line 210]
Event: 6.215 Thread 0x000000001a29b000 Exception <a 'java/lang/ArrayIndexOutOfBoundsException': 22> (0x00000000d7190ef0) thrown at [C:\re\workspace\8-2-build-windows-amd64-cygwin\jdk8u111\7883\hotspot\src\share\vm\interpreter\interpreterRuntime.cpp, line 366]
Event: 6.217 Thread 0x000000001a29b000 Exception <a 'java/lang/ClassNotFoundException': org/springframework/boot/autoconfigure/web/ResourcePropertiesCustomizer> (0x00000000d71b5260) thrown at [C:\re\workspace\8-2-build-windows-amd64-cygwin\jdk8u111\7883\hotspot\src\share\vm\classfile\systemDic
Event: 6.219 Thread 0x000000001a29b000 Exception <a 'java/lang/ClassNotFoundException': org/springframework/context/ResourceLoaderAwareCustomizer> (0x00000000d71e1de0) thrown at [C:\re\workspace\8-2-build-windows-amd64-cygwin\jdk8u111\7883\hotspot\src\share\vm\classfile\systemDictionary.cpp, l

Events (10 events):
Event: 6.242 Thread 0x000000001a29b000 DEOPT PACKING pc=0x0000000002d77f7c sp=0x000000001c82d870
Event: 6.242 Thread 0x000000001a29b000 DEOPT UNPACKING pc=0x000000000263787f sp=0x000000001c82d5c0 mode 1
Event: 6.242 Thread 0x000000001a29b000 DEOPT PACKING pc=0x0000000002d0fc1c sp=0x000000001c82d8f0
Event: 6.242 Thread 0x000000001a29b000 DEOPT UNPACKING pc=0x000000000263787f sp=0x000000001c82d6b8 mode 1
Event: 6.242 Thread 0x000000001a29b000 DEOPT PACKING pc=0x0000000002842781 sp=0x000000001c82dbc0
Event: 6.242 Thread 0x000000001a29b000 DEOPT UNPACKING pc=0x000000000263787f sp=0x000000001c82d910 mode 1
Event: 6.242 Thread 0x000000001a29b000 DEOPT PACKING pc=0x0000000002d77f7c sp=0x000000001c82dc40
Event: 6.242 Thread 0x000000001a29b000 DEOPT UNPACKING pc=0x000000000263787f sp=0x000000001c82d990 mode 1
Event: 6.242 Thread 0x000000001a29b000 DEOPT PACKING pc=0x0000000002d0fc1c sp=0x000000001c82dcc0
Event: 6.242 Thread 0x000000001a29b000 DEOPT UNPACKING pc=0x000000000263787f sp=0x000000001c82da88 mode 1


Dynamic libraries:
0x00007ff7e59c0000 - 0x00007ff7e59f7000 	C:\Program Files\Java\jre1.8.0_111\bin\javaw.exe
0x00007ff95d380000 - 0x00007ff95d551000 	C:\WINDOWS\SYSTEM32\ntdll.dll
0x00007ff95b7c0000 - 0x00007ff95b86c000 	C:\WINDOWS\System32\KERNEL32.DLL
0x00007ff93b500000 - 0x00007ff93b533000 	C:\Program Files\AVAST Software\Avast\x64\aswhooka.dll
0x00007ff959ba0000 - 0x00007ff959dbd000 	C:\WINDOWS\System32\KERNELBASE.dll
0x00007ff957d10000 - 0x00007ff957d8a000 	C:\WINDOWS\system32\apphelp.dll
0x00007ff95b070000 - 0x00007ff95b112000 	C:\WINDOWS\System32\ADVAPI32.dll
0x00007ff95af30000 - 0x00007ff95afce000 	C:\WINDOWS\System32\msvcrt.dll
0x00007ff95b4b0000 - 0x00007ff95b509000 	C:\WINDOWS\System32\sechost.dll
0x00007ff95acc0000 - 0x00007ff95ade1000 	C:\WINDOWS\System32\RPCRT4.dll
0x00007ff95b340000 - 0x00007ff95b4a5000 	C:\WINDOWS\System32\USER32.dll
0x00007ff959dc0000 - 0x00007ff959dde000 	C:\WINDOWS\System32\win32u.dll
0x00007ff95afd0000 - 0x00007ff95b004000 	C:\WINDOWS\System32\GDI32.dll
0x00007ff959970000 - 0x00007ff959af2000 	C:\WINDOWS\System32\gdi32full.dll
0x00007ff9514c0000 - 0x00007ff95173a000 	C:\WINDOWS\WinSxS\amd64_microsoft.windows.common-controls_6595b64144ccf1df_6.0.14393.953_none_42151e83c686086b\COMCTL32.dll
0x00007ff95a9f0000 - 0x00007ff95acb8000 	C:\WINDOWS\System32\combase.dll
0x00007ff959de0000 - 0x00007ff959ed5000 	C:\WINDOWS\System32\ucrtbase.dll
0x00007ff959900000 - 0x00007ff95996a000 	C:\WINDOWS\System32\bcryptPrimitives.dll
0x00007ff95b870000 - 0x00007ff95b89e000 	C:\WINDOWS\System32\IMM32.DLL
0x00007ff9586a0000 - 0x00007ff9586d2000 	C:\Windows\system32\nvinitx.dll
0x00007ff958690000 - 0x00007ff95869a000 	C:\WINDOWS\SYSTEM32\VERSION.dll
0x000000006dee0000 - 0x000000006dfb2000 	C:\Program Files\Java\jre1.8.0_111\bin\msvcr100.dll
0x000000006e0e0000 - 0x000000006e97a000 	C:\Program Files\Java\jre1.8.0_111\bin\server\jvm.dll
0x00007ff95b5a0000 - 0x00007ff95b5a8000 	C:\WINDOWS\System32\PSAPI.DLL
0x00007ff947d40000 - 0x00007ff947d49000 	C:\WINDOWS\SYSTEM32\WSOCK32.dll
0x00007ff95b750000 - 0x00007ff95b7ba000 	C:\WINDOWS\System32\WS2_32.dll
0x00007ff957680000 - 0x00007ff9576a3000 	C:\WINDOWS\SYSTEM32\WINMM.dll
0x00007ff957650000 - 0x00007ff95767b000 	C:\WINDOWS\SYSTEM32\WINMMBASE.dll
0x00007ff9598b0000 - 0x00007ff9598f2000 	C:\WINDOWS\System32\cfgmgr32.dll
0x000000006e0d0000 - 0x000000006e0df000 	C:\Program Files\Java\jre1.8.0_111\bin\verify.dll
0x000000006e0a0000 - 0x000000006e0c9000 	C:\Program Files\Java\jre1.8.0_111\bin\java.dll
0x000000006dea0000 - 0x000000006ded5000 	C:\Program Files\Java\jre1.8.0_111\bin\jdwp.dll
0x000000006de90000 - 0x000000006de98000 	C:\Program Files\Java\jre1.8.0_111\bin\npt.dll
0x000000006e050000 - 0x000000006e066000 	C:\Program Files\Java\jre1.8.0_111\bin\zip.dll
0x00007ff95be70000 - 0x00007ff95d378000 	C:\WINDOWS\System32\SHELL32.dll
0x00007ff959f90000 - 0x00007ff95a66a000 	C:\WINDOWS\System32\windows.storage.dll
0x00007ff9597c0000 - 0x00007ff95980c000 	C:\WINDOWS\System32\powrprof.dll
0x00007ff95bdf0000 - 0x00007ff95be42000 	C:\WINDOWS\System32\shlwapi.dll
0x00007ff959840000 - 0x00007ff95984f000 	C:\WINDOWS\System32\kernel.appcore.dll
0x00007ff959ee0000 - 0x00007ff959f89000 	C:\WINDOWS\System32\shcore.dll
0x00007ff959820000 - 0x00007ff959834000 	C:\WINDOWS\System32\profapi.dll
0x000000006de80000 - 0x000000006de89000 	C:\Program Files\Java\jre1.8.0_111\bin\dt_socket.dll
0x00007ff94a400000 - 0x00007ff94a416000 	C:\WINDOWS\system32\napinsp.dll
0x00007ff94a420000 - 0x00007ff94a43a000 	C:\WINDOWS\system32\pnrpnsp.dll
0x00007ff957270000 - 0x00007ff957288000 	C:\WINDOWS\system32\NLAapi.dll
0x00007ff9590f0000 - 0x00007ff95914c000 	C:\WINDOWS\System32\mswsock.dll
0x00007ff958eb0000 - 0x00007ff958f51000 	C:\WINDOWS\SYSTEM32\DNSAPI.dll
0x00007ff95b120000 - 0x00007ff95b128000 	C:\WINDOWS\System32\NSI.dll
0x00007ff958e70000 - 0x00007ff958ea8000 	C:\WINDOWS\SYSTEM32\IPHLPAPI.DLL
0x00007ff94a480000 - 0x00007ff94a48e000 	C:\WINDOWS\System32\winrnr.dll
0x00007ff955c00000 - 0x00007ff955c15000 	C:\WINDOWS\System32\wshbth.dll
0x00007ff950670000 - 0x00007ff9506da000 	C:\WINDOWS\System32\fwpuclnt.dll
0x00007ff9593a0000 - 0x00007ff9593cb000 	C:\WINDOWS\SYSTEM32\bcrypt.dll
0x00007ff950550000 - 0x00007ff95055a000 	C:\Windows\System32\rasadhlp.dll
0x000000006dfd0000 - 0x000000006dfdd000 	C:\Program Files\Java\jre1.8.0_111\bin\management.dll
0x000000006e030000 - 0x000000006e04a000 	C:\Program Files\Java\jre1.8.0_111\bin\net.dll
0x000000006e010000 - 0x000000006e021000 	C:\Program Files\Java\jre1.8.0_111\bin\nio.dll
0x00007ff959290000 - 0x00007ff9592a7000 	C:\WINDOWS\SYSTEM32\CRYPTSP.dll
0x00007ff958cf0000 - 0x00007ff958d23000 	C:\WINDOWS\system32\rsaenh.dll
0x00007ff958f70000 - 0x00007ff958f8f000 	C:\WINDOWS\SYSTEM32\USERENV.dll
0x00007ff9592b0000 - 0x00007ff9592bb000 	C:\WINDOWS\SYSTEM32\CRYPTBASE.dll
0x00007ff9520f0000 - 0x00007ff952106000 	C:\WINDOWS\SYSTEM32\dhcpcsvc6.DLL
0x00007ff952050000 - 0x00007ff95206a000 	C:\WINDOWS\SYSTEM32\dhcpcsvc.DLL

VM Arguments:
jvm_args: -agentlib:jdwp=transport=dt_socket,suspend=y,address=localhost:53313 -Dcom.sun.management.jmxremote -Dcom.sun.management.jmxremote.port=53312 -Dcom.sun.management.jmxremote.authenticate=false -Dcom.sun.management.jmxremote.ssl=false -Djava.rmi.server.hostname=localhost -Dspring.liveBeansView.mbeanDomain -Dspring.application.admin.enabled=true -Dfile.encoding=UTF-8 
java_command: br.com.fireware.bpchoque.BpchoqueApplication --spring.output.ansi.enabled=always
java_class_path (initial): C:\Users\Fire7\OneDrive\Desenvolvimento\Git\bpchoque\bpchoqueNovo\target\classes;C:\Users\Fire7\.m2\repository\org\springframework\boot\spring-boot-starter-web\1.4.1.RELEASE\spring-boot-starter-web-1.4.1.RELEASE.jar;C:\Users\Fire7\.m2\repository\org\springframework\boot\spring-boot-starter\1.4.1.RELEASE\spring-boot-starter-1.4.1.RELEASE.jar;C:\Users\Fire7\.m2\repository\org\springframework\boot\spring-boot-starter-logging\1.4.1.RELEASE\spring-boot-starter-logging-1.4.1.RELEASE.jar;C:\Users\Fire7\.m2\repository\org\slf4j\log4j-over-slf4j\1.7.21\log4j-over-slf4j-1.7.21.jar;C:\Users\Fire7\.m2\repository\org\springframework\spring-core\4.3.3.RELEASE\spring-core-4.3.3.RELEASE.jar;C:\Users\Fire7\.m2\repository\org\yaml\snakeyaml\1.17\snakeyaml-1.17.jar;C:\Users\Fire7\.m2\repository\org\springframework\boot\spring-boot-starter-tomcat\1.4.1.RELEASE\spring-boot-starter-tomcat-1.4.1.RELEASE.jar;C:\Users\Fire7\.m2\repository\org\apache\tomcat\embed\tomcat-embed-core\8.5.5\tomcat-embed-core-8.5.5.jar;C:\Users\Fire7\.m2\repository\org\apache\tomcat\embed\tomcat-embed-el\8.5.5\tomcat-embed-el-8.5.5.jar;C:\Users\Fire7\.m2\repository\org\apache\tomcat\embed\tomcat-embed-websocket\8.5.5\tomcat-embed-websocket-8.5.5.jar;C:\Users\Fire7\.m2\repository\org\hibernate\hibernate-validator\5.2.4.Final\hibernate-validator-5.2.4.Final.jar;C:\Users\Fire7\.m2\repository\javax\validation\validation-api\1.1.0.Final\validation-api-1.1.0.Final.jar;C:\Users\Fire7\.m2\repository\com\fasterxml\classmate\1.3.1\classmate-1.3.1.jar;C:\Users\Fire7\.m2\repository\com\fasterxml\jackson\core\jackson-databind\2.8.3\jackson-databind-2.8.3.jar;C:\Users\Fire7\.m2\repository\org\springframework\spring-web\4.3.3.RELEASE\spring-web-4.3.3.RELEASE.jar;C:\Users\Fire7\.m2\repository\org\springframework\spring-beans\4.3.3.RELEASE\spring-beans-4.3.3.RELEASE.jar;C:\Users\Fire7\.m2\repository\org\springframework\spring-webmvc\4.3.3.RELEASE\spring-webmvc-4.3.3.RELEASE.jar;C:\Users\Fire7\.m2\repo
Launcher Type: SUN_STANDARD

Environment Variables:
JAVA_HOME=C:\Program Files\Java\jdk1.8.0_101
PATH=C:/Program Files/Java/jre1.8.0_111/bin/server;C:/Program Files/Java/jre1.8.0_111/bin;C:/Program Files/Java/jre1.8.0_111/lib/amd64;C:\Program Files\ImageMagick-7.0.4-Q16;C:\ProgramData\Oracle\Java\javapath;C:\WINDOWS\system32;C:\WINDOWS;C:\WINDOWS\System32\Wbem;C:\WINDOWS\System32\WindowsPowerShell\v1.0\;C:\Program Files (x86)\Intel\OpenCL SDK\3.0\bin\x86;C:\Program Files (x86)\Intel\OpenCL SDK\3.0\bin\x64;C:\Program Files (x86)\Java\jre6\bin;C:\Program Files (x86)\NVIDIA Corporation\PhysX\Common;C:\Program Files (x86)\MySQL\MySQL Fabric 1.5 & MySQL Utilities 1.5\;C:\Program Files (x86)\MySQL\MySQL Fabric 1.5 & MySQL Utilities 1.5\Doctrine extensions for PHP\;C:\WINDOWS\system32;C:\WINDOWS;C:\WINDOWS\System32\Wbem;C:\WINDOWS\System32\WindowsPowerShell\v1.0\;C:\Program Files (x86)\Brackets\command;D:\GdPicture.NET 12\Redist;C:\Users\Fire7\AppData\Roaming\nvm;C:\Program Files\nodejs;C:\Program Files\Git\cmd;C:\Users\Fire7\AppData\Local\Programs\Python\Python36\Scripts\;C:\Users\Fire7\AppData\Local\Programs\Python\Python36\;C:\Program Files (x86)\Microsoft VS Code\bin;C:\Users\Fire7\AppData\Local\Microsoft\WindowsApps;C:\Program Files\Heroku\bin;C:\Users\Fire7\AppData\Roaming\npm;C:\Users\Fire7\AppData\Roaming\nvm;C:\Program Files\nodejs;C:\Users\Fire7\Desktop\Minhas Pastas\Desenvolvimento\ERP Choque\spring-tool-suite-3.8.2.RELEASE-e4.6.1-win32-x86_64\sts-bundle\sts-3.8.2.RELEASE;
USERNAME=Fire7
OS=Windows_NT
PROCESSOR_IDENTIFIER=Intel64 Family 6 Model 69 Stepping 1, GenuineIntel



---------------  S Y S T E M  ---------------

OS: Windows 10.0 , 64 bit Build 14393 (10.0.14393.1198)

CPU:total 4 (2 cores per cpu, 2 threads per core) family 6 model 69 stepping 1, cmov, cx8, fxsr, mmx, sse, sse2, sse3, ssse3, sse4.1, sse4.2, popcnt, avx, avx2, aes, clmul, erms, lzcnt, ht, tsc, tscinvbit, bmi1, bmi2

Memory: 4k page, physical 8290700k(682860k free), swap 8290700k(4184k free)

vm_info: Java HotSpot(TM) 64-Bit Server VM (25.111-b14) for windows-amd64 JRE (1.8.0_111-b14), built on Sep 22 2016 19:24:05 by "java_re" with MS VC++ 10.0 (VS2010)

time: Tue May 30 10:21:20 2017
elapsed time: 6 seconds (0d 0h 0m 6s)

