#
# There is insufficient memory for the Java Runtime Environment to continue.
# Native memory allocation (malloc) failed to allocate 1042656 bytes for Chunk::new
# Possible reasons:
#   The system is out of physical RAM or swap space
#   In 32 bit mode, the process size limit was hit
# Possible solutions:
#   Reduce memory load on the system
#   Increase physical memory or swap space
#   Check if swap backing store is full
#   Use 64 bit Java on a 64 bit OS
#   Decrease Java heap size (-Xmx/-Xms)
#   Decrease number of Java threads
#   Decrease Java thread stack sizes (-Xss)
#   Set larger code cache with -XX:ReservedCodeCacheSize=
# This output file may be truncated or incomplete.
#
#  Out of Memory Error (allocation.cpp:390), pid=7812, tid=0x0000000000003030
#
# JRE version: Java(TM) SE Runtime Environment (8.0_111-b14) (build 1.8.0_111-b14)
# Java VM: Java HotSpot(TM) 64-Bit Server VM (25.111-b14 mixed mode windows-amd64 compressed oops)
# Failed to write core dump. Minidumps are not enabled by default on client versions of Windows
#

---------------  T H R E A D  ---------------

Current thread (0x000000001785c000):  JavaThread "C2 CompilerThread1" daemon [_thread_in_native, id=12336, stack(0x0000000019990000,0x0000000019a90000)]

Stack: [0x0000000019990000,0x0000000019a90000]
[error occurred during error reporting (printing stack bounds), id 0xc0000005]

Native frames: (J=compiled Java code, j=interpreted, Vv=VM code, C=native code)


Current CompileTask:
C2:  21591 4438       4       org.springframework.asm.ClassReader::accept (1164 bytes)


---------------  P R O C E S S  ---------------

Java Threads: ( => current thread )
  0x00000000221ec800 JavaThread "container-0" [_thread_blocked, id=12604, stack(0x0000000023bc0000,0x0000000023cc0000)]
  0x000000001fc6d000 JavaThread "ContainerBackgroundProcessor[StandardEngine[Tomcat]]" daemon [_thread_blocked, id=9588, stack(0x0000000023ac0000,0x0000000023bc0000)]
  0x0000000023901800 JavaThread "localhost-startStop-1" daemon [_thread_blocked, id=10056, stack(0x0000000020630000,0x0000000020730000)]
  0x000000001fc70000 JavaThread "Tomcat-startStop-1" daemon [_thread_blocked, id=2848, stack(0x000000001de60000,0x000000001df60000)]
  0x000000001b781000 JavaThread "restartedMain" [_thread_in_vm, id=1476, stack(0x000000001cdf0000,0x000000001cef0000)]
  0x000000001ab65000 JavaThread "Thread-1" [_thread_blocked, id=6584, stack(0x000000001ccf0000,0x000000001cdf0000)]
  0x000000001a0a0800 JavaThread "RMI TCP Accept-0" daemon [_thread_in_native, id=12264, stack(0x000000001a690000,0x000000001a790000)]
  0x000000001a070800 JavaThread "RMI TCP Accept-52102" daemon [_thread_in_native, id=5828, stack(0x000000001a590000,0x000000001a690000)]
  0x000000001a0fd000 JavaThread "RMI TCP Accept-0" daemon [_thread_in_native, id=10776, stack(0x000000001a490000,0x000000001a590000)]
  0x00000000195c1000 JavaThread "Service Thread" daemon [_thread_blocked, id=3308, stack(0x0000000019b90000,0x0000000019c90000)]
  0x000000001785e000 JavaThread "C1 CompilerThread2" daemon [_thread_blocked, id=2188, stack(0x0000000019a90000,0x0000000019b90000)]
=>0x000000001785c000 JavaThread "C2 CompilerThread1" daemon [_thread_in_native, id=12336, stack(0x0000000019990000,0x0000000019a90000)]
  0x000000001782b000 JavaThread "C2 CompilerThread0" daemon [_thread_in_native, id=10220, stack(0x0000000019490000,0x0000000019590000)]
  0x0000000017820800 JavaThread "JDWP Command Reader" daemon [_thread_in_native, id=13252, stack(0x0000000019390000,0x0000000019490000)]
  0x000000001781f000 JavaThread "JDWP Event Helper Thread" daemon [_thread_blocked, id=4360, stack(0x0000000019290000,0x0000000019390000)]
  0x0000000017810000 JavaThread "JDWP Transport Listener: dt_socket" daemon [_thread_blocked, id=12148, stack(0x0000000019190000,0x0000000019290000)]
  0x0000000017806800 JavaThread "Attach Listener" daemon [_thread_blocked, id=4336, stack(0x0000000018d50000,0x0000000018e50000)]
  0x0000000017805000 JavaThread "Signal Dispatcher" daemon [_thread_blocked, id=10676, stack(0x0000000018c50000,0x0000000018d50000)]
  0x00000000177ef800 JavaThread "Finalizer" daemon [_thread_blocked, id=7832, stack(0x0000000018a50000,0x0000000018b50000)]
  0x00000000177c8800 JavaThread "Reference Handler" daemon [_thread_blocked, id=12744, stack(0x0000000018950000,0x0000000018a50000)]
  0x0000000002ba7800 JavaThread "main" [_thread_blocked, id=12304, stack(0x0000000002aa0000,0x0000000002ba0000)]

Other Threads:
  0x00000000177c6800 VMThread [stack: 0x0000000018850000,0x0000000018950000] [id=10516]
  0x000000001a076000 WatcherThread [stack: 0x000000001a790000,0x000000001a890000] [id=6668]

VM state:not at safepoint (normal execution)

VM Mutex/Monitor currently owned by a thread: None

Heap:
 PSYoungGen      total 214016K, used 52203K [0x00000000d5d00000, 0x00000000ea080000, 0x0000000100000000)
  eden space 201216K, 22% used [0x00000000d5d00000,0x00000000d88f25d0,0x00000000e2180000)
  from space 12800K, 56% used [0x00000000e2180000,0x00000000e28888e0,0x00000000e2e00000)
  to   space 15360K, 0% used [0x00000000e9180000,0x00000000e9180000,0x00000000ea080000)
 ParOldGen       total 74240K, used 20405K [0x0000000081600000, 0x0000000085e80000, 0x00000000d5d00000)
  object space 74240K, 27% used [0x0000000081600000,0x00000000829ed648,0x0000000085e80000)
 Metaspace       used 38656K, capacity 39202K, committed 39296K, reserved 1083392K
  class space    used 4837K, capacity 4981K, committed 4992K, reserved 1048576K

Card table byte_map: [0x0000000012060000,0x0000000012460000] byte_map_base: 0x0000000011c55000

Marking Bits: (ParMarkBitMap*) 0x000000006e8fa6c0
 Begin Bits: [0x0000000012b10000, 0x0000000014ab8000)
 End Bits:   [0x0000000014ab8000, 0x0000000016a60000)

Polling page: 0x00000000010e0000

CodeCache: size=245760Kb used=16254Kb max_used=16254Kb free=229505Kb
 bounds [0x0000000002ca0000, 0x0000000003ca0000, 0x0000000011ca0000]
 total_blobs=4197 nmethods=3776 adapters=340
 compilation: enabled

Compilation events (10 events):
Event: 21.556 Thread 0x000000001785e000 nmethod 4448 0x0000000003c65f90 code [0x0000000003c660e0, 0x0000000003c661f0]
Event: 21.559 Thread 0x000000001785e000 4449       3       java.util.Formatter$FormatSpecifier::checkBadFlags (39 bytes)
Event: 21.560 Thread 0x000000001785e000 nmethod 4449 0x0000000003c65650 code [0x0000000003c65800, 0x0000000003c65cb8]
Event: 21.560 Thread 0x000000001785e000 4450       3       java.util.Formatter::ensureOpen (16 bytes)
Event: 21.560 Thread 0x000000001785e000 nmethod 4450 0x0000000003c73390 code [0x0000000003c73500, 0x0000000003c73728]
Event: 21.564 Thread 0x000000001785e000 4451       3       java.util.regex.Pattern$BranchConn::match (11 bytes)
Event: 21.564 Thread 0x000000001785e000 nmethod 4451 0x0000000003c72f10 code [0x0000000003c73080, 0x0000000003c732c8]
Event: 21.572 Thread 0x000000001785e000 4452       3       java.util.Formatter$Flags::<init> (10 bytes)
Event: 21.573 Thread 0x000000001785e000 nmethod 4452 0x0000000003c72b50 code [0x0000000003c72ca0, 0x0000000003c72e50]
Event: 21.578 Thread 0x000000001785e000 4453       3       java.util.Formatter$FormatSpecifier::<init> (246 bytes)

GC Heap History (10 events):
Event: 12.267 GC heap before
{Heap before GC invocations=9 (full 1):
 PSYoungGen      total 138240K, used 136434K [0x00000000d5d00000, 0x00000000e3900000, 0x0000000100000000)
  eden space 127488K, 100% used [0x00000000d5d00000,0x00000000dd980000,0x00000000dd980000)
  from space 10752K, 83% used [0x00000000dd980000,0x00000000de23cb38,0x00000000de400000)
  to   space 11264K, 0% used [0x00000000e2e00000,0x00000000e2e00000,0x00000000e3900000)
 ParOldGen       total 56832K, used 9934K [0x0000000081600000, 0x0000000084d80000, 0x00000000d5d00000)
  object space 56832K, 17% used [0x0000000081600000,0x0000000081fb3b08,0x0000000084d80000)
 Metaspace       used 26729K, capacity 27176K, committed 27264K, reserved 1073152K
  class space    used 3305K, capacity 3414K, committed 3456K, reserved 1048576K
Event: 12.322 GC heap after
Heap after GC invocations=9 (full 1):
 PSYoungGen      total 212480K, used 10815K [0x00000000d5d00000, 0x00000000e4f80000, 0x0000000100000000)
  eden space 201216K, 0% used [0x00000000d5d00000,0x00000000d5d00000,0x00000000e2180000)
  from space 11264K, 96% used [0x00000000e2e00000,0x00000000e388fdc0,0x00000000e3900000)
  to   space 12800K, 0% used [0x00000000e2180000,0x00000000e2180000,0x00000000e2e00000)
 ParOldGen       total 56832K, used 9934K [0x0000000081600000, 0x0000000084d80000, 0x00000000d5d00000)
  object space 56832K, 17% used [0x0000000081600000,0x0000000081fb3b08,0x0000000084d80000)
 Metaspace       used 26729K, capacity 27176K, committed 27264K, reserved 1073152K
  class space    used 3305K, capacity 3414K, committed 3456K, reserved 1048576K
}
Event: 17.280 GC heap before
{Heap before GC invocations=10 (full 1):
 PSYoungGen      total 212480K, used 212031K [0x00000000d5d00000, 0x00000000e4f80000, 0x0000000100000000)
  eden space 201216K, 100% used [0x00000000d5d00000,0x00000000e2180000,0x00000000e2180000)
  from space 11264K, 96% used [0x00000000e2e00000,0x00000000e388fdc0,0x00000000e3900000)
  to   space 12800K, 0% used [0x00000000e2180000,0x00000000e2180000,0x00000000e2e00000)
 ParOldGen       total 56832K, used 9934K [0x0000000081600000, 0x0000000084d80000, 0x00000000d5d00000)
  object space 56832K, 17% used [0x0000000081600000,0x0000000081fb3b08,0x0000000084d80000)
 Metaspace       used 34405K, capacity 34936K, committed 35200K, reserved 1079296K
  class space    used 4331K, capacity 4462K, committed 4480K, reserved 1048576K
Event: 17.320 GC heap after
Heap after GC invocations=10 (full 1):
 PSYoungGen      total 214016K, used 12782K [0x00000000d5d00000, 0x00000000e4f80000, 0x0000000100000000)
  eden space 201216K, 0% used [0x00000000d5d00000,0x00000000d5d00000,0x00000000e2180000)
  from space 12800K, 99% used [0x00000000e2180000,0x00000000e2dfb8a8,0x00000000e2e00000)
  to   space 11264K, 0% used [0x00000000e2e00000,0x00000000e2e00000,0x00000000e3900000)
 ParOldGen       total 56832K, used 14954K [0x0000000081600000, 0x0000000084d80000, 0x00000000d5d00000)
  object space 56832K, 26% used [0x0000000081600000,0x000000008249aa08,0x0000000084d80000)
 Metaspace       used 34405K, capacity 34936K, committed 35200K, reserved 1079296K
  class space    used 4331K, capacity 4462K, committed 4480K, reserved 1048576K
}
Event: 17.436 GC heap before
{Heap before GC invocations=11 (full 1):
 PSYoungGen      total 214016K, used 41921K [0x00000000d5d00000, 0x00000000e4f80000, 0x0000000100000000)
  eden space 201216K, 14% used [0x00000000d5d00000,0x00000000d7974b58,0x00000000e2180000)
  from space 12800K, 99% used [0x00000000e2180000,0x00000000e2dfb8a8,0x00000000e2e00000)
  to   space 11264K, 0% used [0x00000000e2e00000,0x00000000e2e00000,0x00000000e3900000)
 ParOldGen       total 56832K, used 14954K [0x0000000081600000, 0x0000000084d80000, 0x00000000d5d00000)
  object space 56832K, 26% used [0x0000000081600000,0x000000008249aa08,0x0000000084d80000)
 Metaspace       used 34830K, capacity 35288K, committed 35496K, reserved 1081344K
  class space    used 4369K, capacity 4494K, committed 4608K, reserved 1048576K
Event: 17.476 GC heap after
Heap after GC invocations=11 (full 1):
 PSYoungGen      total 212480K, used 6433K [0x00000000d5d00000, 0x00000000e4f80000, 0x0000000100000000)
  eden space 201216K, 0% used [0x00000000d5d00000,0x00000000d5d00000,0x00000000e2180000)
  from space 11264K, 57% used [0x00000000e2e00000,0x00000000e3448478,0x00000000e3900000)
  to   space 12800K, 0% used [0x00000000e2180000,0x00000000e2180000,0x00000000e2e00000)
 ParOldGen       total 56832K, used 18180K [0x0000000081600000, 0x0000000084d80000, 0x00000000d5d00000)
  object space 56832K, 31% used [0x0000000081600000,0x00000000827c1310,0x0000000084d80000)
 Metaspace       used 34830K, capacity 35288K, committed 35496K, reserved 1081344K
  class space    used 4369K, capacity 4494K, committed 4608K, reserved 1048576K
}
Event: 17.476 GC heap before
{Heap before GC invocations=12 (full 2):
 PSYoungGen      total 212480K, used 6433K [0x00000000d5d00000, 0x00000000e4f80000, 0x0000000100000000)
  eden space 201216K, 0% used [0x00000000d5d00000,0x00000000d5d00000,0x00000000e2180000)
  from space 11264K, 57% used [0x00000000e2e00000,0x00000000e3448478,0x00000000e3900000)
  to   space 12800K, 0% used [0x00000000e2180000,0x00000000e2180000,0x00000000e2e00000)
 ParOldGen       total 56832K, used 18180K [0x0000000081600000, 0x0000000084d80000, 0x00000000d5d00000)
  object space 56832K, 31% used [0x0000000081600000,0x00000000827c1310,0x0000000084d80000)
 Metaspace       used 34830K, capacity 35288K, committed 35496K, reserved 1081344K
  class space    used 4369K, capacity 4494K, committed 4608K, reserved 1048576K
Event: 17.676 GC heap after
Heap after GC invocations=12 (full 2):
 PSYoungGen      total 212480K, used 0K [0x00000000d5d00000, 0x00000000e4f80000, 0x0000000100000000)
  eden space 201216K, 0% used [0x00000000d5d00000,0x00000000d5d00000,0x00000000e2180000)
  from space 11264K, 0% used [0x00000000e2e00000,0x00000000e2e00000,0x00000000e3900000)
  to   space 12800K, 0% used [0x00000000e2180000,0x00000000e2180000,0x00000000e2e00000)
 ParOldGen       total 74240K, used 20397K [0x0000000081600000, 0x0000000085e80000, 0x00000000d5d00000)
  object space 74240K, 27% used [0x0000000081600000,0x00000000829eb648,0x0000000085e80000)
 Metaspace       used 34830K, capacity 35288K, committed 35496K, reserved 1081344K
  class space    used 4369K, capacity 4494K, committed 4608K, reserved 1048576K
}
Event: 20.950 GC heap before
{Heap before GC invocations=13 (full 2):
 PSYoungGen      total 212480K, used 201216K [0x00000000d5d00000, 0x00000000e4f80000, 0x0000000100000000)
  eden space 201216K, 100% used [0x00000000d5d00000,0x00000000e2180000,0x00000000e2180000)
  from space 11264K, 0% used [0x00000000e2e00000,0x00000000e2e00000,0x00000000e3900000)
  to   space 12800K, 0% used [0x00000000e2180000,0x00000000e2180000,0x00000000e2e00000)
 ParOldGen       total 74240K, used 20397K [0x0000000081600000, 0x0000000085e80000, 0x00000000d5d00000)
  object space 74240K, 27% used [0x0000000081600000,0x00000000829eb648,0x0000000085e80000)
 Metaspace       used 37058K, capacity 37546K, committed 37888K, reserved 1083392K
  class space    used 4635K, capacity 4753K, committed 4864K, reserved 1048576K
Event: 20.962 GC heap after
Heap after GC invocations=13 (full 2):
 PSYoungGen      total 214016K, used 7202K [0x00000000d5d00000, 0x00000000ea080000, 0x0000000100000000)
  eden space 201216K, 0% used [0x00000000d5d00000,0x00000000d5d00000,0x00000000e2180000)
  from space 12800K, 56% used [0x00000000e2180000,0x00000000e28888e0,0x00000000e2e00000)
  to   space 15360K, 0% used [0x00000000e9180000,0x00000000e9180000,0x00000000ea080000)
 ParOldGen       total 74240K, used 20405K [0x0000000081600000, 0x0000000085e80000, 0x00000000d5d00000)
  object space 74240K, 27% used [0x0000000081600000,0x00000000829ed648,0x0000000085e80000)
 Metaspace       used 37058K, capacity 37546K, committed 37888K, reserved 1083392K
  class space    used 4635K, capacity 4753K, committed 4864K, reserved 1048576K
}

Deoptimization events (10 events):
Event: 21.568 Thread 0x000000001b781000 Uncommon trap: reason=unhandled action=none pc=0x0000000003729398 method=java.net.URLClassLoader.findClass(Ljava/lang/String;)Ljava/lang/Class; @ 44
Event: 21.571 Thread 0x000000001b781000 Uncommon trap: reason=unhandled action=none pc=0x0000000003729398 method=java.net.URLClassLoader.findClass(Ljava/lang/String;)Ljava/lang/Class; @ 44
Event: 21.572 Thread 0x000000001b781000 Uncommon trap: reason=unhandled action=none pc=0x0000000003729398 method=java.net.URLClassLoader.findClass(Ljava/lang/String;)Ljava/lang/Class; @ 44
Event: 21.573 Thread 0x000000001b781000 Uncommon trap: reason=unhandled action=none pc=0x0000000003729398 method=java.net.URLClassLoader.findClass(Ljava/lang/String;)Ljava/lang/Class; @ 44
Event: 21.574 Thread 0x000000001b781000 Uncommon trap: reason=unhandled action=none pc=0x0000000003729398 method=java.net.URLClassLoader.findClass(Ljava/lang/String;)Ljava/lang/Class; @ 44
Event: 21.574 Thread 0x000000001b781000 Uncommon trap: reason=unhandled action=none pc=0x0000000003729398 method=java.net.URLClassLoader.findClass(Ljava/lang/String;)Ljava/lang/Class; @ 44
Event: 21.575 Thread 0x000000001b781000 Uncommon trap: reason=unhandled action=none pc=0x0000000003729398 method=java.net.URLClassLoader.findClass(Ljava/lang/String;)Ljava/lang/Class; @ 44
Event: 21.577 Thread 0x000000001b781000 Uncommon trap: reason=unhandled action=none pc=0x0000000003729398 method=java.net.URLClassLoader.findClass(Ljava/lang/String;)Ljava/lang/Class; @ 44
Event: 21.578 Thread 0x000000001b781000 Uncommon trap: reason=unhandled action=none pc=0x0000000003729398 method=java.net.URLClassLoader.findClass(Ljava/lang/String;)Ljava/lang/Class; @ 44
Event: 21.579 Thread 0x000000001b781000 Uncommon trap: reason=unhandled action=none pc=0x0000000003729398 method=java.net.URLClassLoader.findClass(Ljava/lang/String;)Ljava/lang/Class; @ 44

Internal exceptions (10 events):
Event: 21.305 Thread 0x000000001b781000 Exception <a 'java/lang/ArrayIndexOutOfBoundsException': 38> (0x00000000d7df4730) thrown at [C:\re\workspace\8-2-build-windows-amd64-cygwin\jdk8u111\7883\hotspot\src\share\vm\interpreter\interpreterRuntime.cpp, line 366]
Event: 21.305 Thread 0x000000001b781000 Exception <a 'java/lang/ArrayIndexOutOfBoundsException': 62> (0x00000000d7df61b8) thrown at [C:\re\workspace\8-2-build-windows-amd64-cygwin\jdk8u111\7883\hotspot\src\share\vm\interpreter\interpreterRuntime.cpp, line 366]
Event: 21.307 Thread 0x000000001b781000 Exception <a 'java/lang/ClassNotFoundException': org/springframework/orm/jpa/vendor/HibernateJpaVendorAdapterCustomizer> (0x00000000d7e21c70) thrown at [C:\re\workspace\8-2-build-windows-amd64-cygwin\jdk8u111\7883\hotspot\src\share\vm\classfile\systemDict
Event: 21.307 Thread 0x000000001b781000 Exception <a 'java/lang/ArrayIndexOutOfBoundsException': 55> (0x00000000d7e250b8) thrown at [C:\re\workspace\8-2-build-windows-amd64-cygwin\jdk8u111\7883\hotspot\src\share\vm\interpreter\interpreterRuntime.cpp, line 366]
Event: 21.307 Thread 0x000000001b781000 Exception <a 'java/lang/ArrayIndexOutOfBoundsException': 55> (0x00000000d7e27c48) thrown at [C:\re\workspace\8-2-build-windows-amd64-cygwin\jdk8u111\7883\hotspot\src\share\vm\interpreter\interpreterRuntime.cpp, line 366]
Event: 21.307 Thread 0x000000001b781000 Exception <a 'java/lang/ArrayIndexOutOfBoundsException': 62> (0x00000000d7e2a810) thrown at [C:\re\workspace\8-2-build-windows-amd64-cygwin\jdk8u111\7883\hotspot\src\share\vm\interpreter\interpreterRuntime.cpp, line 366]
Event: 21.309 Thread 0x000000001b781000 Exception <a 'java/lang/ClassNotFoundException': org/springframework/orm/jpa/JpaVendorAdapterCustomizer> (0x00000000d7e62db0) thrown at [C:\re\workspace\8-2-build-windows-amd64-cygwin\jdk8u111\7883\hotspot\src\share\vm\classfile\systemDictionary.cpp, line
Event: 21.310 Thread 0x000000001b781000 Exception <a 'java/lang/ArrayIndexOutOfBoundsException': 55> (0x00000000d7e64b78) thrown at [C:\re\workspace\8-2-build-windows-amd64-cygwin\jdk8u111\7883\hotspot\src\share\vm\interpreter\interpreterRuntime.cpp, line 366]
Event: 21.310 Thread 0x000000001b781000 Exception <a 'java/lang/ArrayIndexOutOfBoundsException': 38> (0x00000000d7e66728) thrown at [C:\re\workspace\8-2-build-windows-amd64-cygwin\jdk8u111\7883\hotspot\src\share\vm\interpreter\interpreterRuntime.cpp, line 366]
Event: 21.310 Thread 0x000000001b781000 Exception <a 'java/lang/ArrayIndexOutOfBoundsException': 62> (0x00000000d7e68960) thrown at [C:\re\workspace\8-2-build-windows-amd64-cygwin\jdk8u111\7883\hotspot\src\share\vm\interpreter\interpreterRuntime.cpp, line 366]

Events (10 events):
Event: 21.578 loading class org/hibernate/dialect/PostgreSQL9Dialect
Event: 21.578 loading class org/hibernate/dialect/PostgreSQL9Dialect done
Event: 21.578 Thread 0x000000001b781000 Uncommon trap: trap_request=0xffffffa7 fr.pc=0x0000000003729398
Event: 21.578 Thread 0x000000001b781000 DEOPT PACKING pc=0x0000000003729398 sp=0x000000001cee9790
Event: 21.578 Thread 0x000000001b781000 DEOPT UNPACKING pc=0x0000000002ce582a sp=0x000000001cee9688 mode 2
Event: 21.579 loading class org/hibernate/dialect/ProgressDialect
Event: 21.579 loading class org/hibernate/dialect/ProgressDialect done
Event: 21.579 Thread 0x000000001b781000 Uncommon trap: trap_request=0xffffffa7 fr.pc=0x0000000003729398
Event: 21.579 Thread 0x000000001b781000 DEOPT PACKING pc=0x0000000003729398 sp=0x000000001cee9790
Event: 21.579 Thread 0x000000001b781000 DEOPT UNPACKING pc=0x0000000002ce582a sp=0x000000001cee9688 mode 2


Dynamic libraries:
0x00007ff7e59c0000 - 0x00007ff7e59f7000 	C:\Program Files\Java\jre1.8.0_111\bin\javaw.exe
0x00007ff95d380000 - 0x00007ff95d551000 	C:\WINDOWS\SYSTEM32\ntdll.dll
0x00007ff95b7c0000 - 0x00007ff95b86c000 	C:\WINDOWS\System32\KERNEL32.DLL
0x00007ff93b500000 - 0x00007ff93b533000 	C:\Program Files\AVAST Software\Avast\x64\aswhooka.dll
0x00007ff959ba0000 - 0x00007ff959dbd000 	C:\WINDOWS\System32\KERNELBASE.dll
0x00007ff957d10000 - 0x00007ff957d8a000 	C:\WINDOWS\system32\apphelp.dll
0x00007ff95b070000 - 0x00007ff95b112000 	C:\WINDOWS\System32\ADVAPI32.dll
0x00007ff95af30000 - 0x00007ff95afce000 	C:\WINDOWS\System32\msvcrt.dll
0x00007ff95b4b0000 - 0x00007ff95b509000 	C:\WINDOWS\System32\sechost.dll
0x00007ff95acc0000 - 0x00007ff95ade1000 	C:\WINDOWS\System32\RPCRT4.dll
0x00007ff95b340000 - 0x00007ff95b4a5000 	C:\WINDOWS\System32\USER32.dll
0x00007ff959dc0000 - 0x00007ff959dde000 	C:\WINDOWS\System32\win32u.dll
0x00007ff95afd0000 - 0x00007ff95b004000 	C:\WINDOWS\System32\GDI32.dll
0x00007ff959970000 - 0x00007ff959af2000 	C:\WINDOWS\System32\gdi32full.dll
0x00007ff9514c0000 - 0x00007ff95173a000 	C:\WINDOWS\WinSxS\amd64_microsoft.windows.common-controls_6595b64144ccf1df_6.0.14393.953_none_42151e83c686086b\COMCTL32.dll
0x00007ff95a9f0000 - 0x00007ff95acb8000 	C:\WINDOWS\System32\combase.dll
0x00007ff959de0000 - 0x00007ff959ed5000 	C:\WINDOWS\System32\ucrtbase.dll
0x00007ff959900000 - 0x00007ff95996a000 	C:\WINDOWS\System32\bcryptPrimitives.dll
0x00007ff95b870000 - 0x00007ff95b89e000 	C:\WINDOWS\System32\IMM32.DLL
0x00007ff9586a0000 - 0x00007ff9586d2000 	C:\Windows\system32\nvinitx.dll
0x00007ff958690000 - 0x00007ff95869a000 	C:\WINDOWS\SYSTEM32\VERSION.dll
0x000000006dee0000 - 0x000000006dfb2000 	C:\Program Files\Java\jre1.8.0_111\bin\msvcr100.dll
0x000000006e0e0000 - 0x000000006e97a000 	C:\Program Files\Java\jre1.8.0_111\bin\server\jvm.dll
0x00007ff95b5a0000 - 0x00007ff95b5a8000 	C:\WINDOWS\System32\PSAPI.DLL
0x00007ff947d40000 - 0x00007ff947d49000 	C:\WINDOWS\SYSTEM32\WSOCK32.dll
0x00007ff95b750000 - 0x00007ff95b7ba000 	C:\WINDOWS\System32\WS2_32.dll
0x00007ff957680000 - 0x00007ff9576a3000 	C:\WINDOWS\SYSTEM32\WINMM.dll
0x00007ff957650000 - 0x00007ff95767b000 	C:\WINDOWS\SYSTEM32\WINMMBASE.dll
0x00007ff9598b0000 - 0x00007ff9598f2000 	C:\WINDOWS\System32\cfgmgr32.dll
0x000000006e0d0000 - 0x000000006e0df000 	C:\Program Files\Java\jre1.8.0_111\bin\verify.dll
0x000000006e0a0000 - 0x000000006e0c9000 	C:\Program Files\Java\jre1.8.0_111\bin\java.dll
0x000000006dea0000 - 0x000000006ded5000 	C:\Program Files\Java\jre1.8.0_111\bin\jdwp.dll
0x000000006de90000 - 0x000000006de98000 	C:\Program Files\Java\jre1.8.0_111\bin\npt.dll
0x000000006e050000 - 0x000000006e066000 	C:\Program Files\Java\jre1.8.0_111\bin\zip.dll
0x00007ff95be70000 - 0x00007ff95d378000 	C:\WINDOWS\System32\SHELL32.dll
0x00007ff959f90000 - 0x00007ff95a66a000 	C:\WINDOWS\System32\windows.storage.dll
0x00007ff9597c0000 - 0x00007ff95980c000 	C:\WINDOWS\System32\powrprof.dll
0x00007ff95bdf0000 - 0x00007ff95be42000 	C:\WINDOWS\System32\shlwapi.dll
0x00007ff959840000 - 0x00007ff95984f000 	C:\WINDOWS\System32\kernel.appcore.dll
0x00007ff959ee0000 - 0x00007ff959f89000 	C:\WINDOWS\System32\shcore.dll
0x00007ff959820000 - 0x00007ff959834000 	C:\WINDOWS\System32\profapi.dll
0x000000006de80000 - 0x000000006de89000 	C:\Program Files\Java\jre1.8.0_111\bin\dt_socket.dll
0x00007ff94a400000 - 0x00007ff94a416000 	C:\WINDOWS\system32\napinsp.dll
0x00007ff94a420000 - 0x00007ff94a43a000 	C:\WINDOWS\system32\pnrpnsp.dll
0x00007ff957270000 - 0x00007ff957288000 	C:\WINDOWS\system32\NLAapi.dll
0x00007ff9590f0000 - 0x00007ff95914c000 	C:\WINDOWS\System32\mswsock.dll
0x00007ff958eb0000 - 0x00007ff958f51000 	C:\WINDOWS\SYSTEM32\DNSAPI.dll
0x00007ff95b120000 - 0x00007ff95b128000 	C:\WINDOWS\System32\NSI.dll
0x00007ff958e70000 - 0x00007ff958ea8000 	C:\WINDOWS\SYSTEM32\IPHLPAPI.DLL
0x00007ff94a480000 - 0x00007ff94a48e000 	C:\WINDOWS\System32\winrnr.dll
0x00007ff955c00000 - 0x00007ff955c15000 	C:\WINDOWS\System32\wshbth.dll
0x00007ff950670000 - 0x00007ff9506da000 	C:\WINDOWS\System32\fwpuclnt.dll
0x00007ff9593a0000 - 0x00007ff9593cb000 	C:\WINDOWS\SYSTEM32\bcrypt.dll
0x00007ff950550000 - 0x00007ff95055a000 	C:\Windows\System32\rasadhlp.dll
0x000000006dfd0000 - 0x000000006dfdd000 	C:\Program Files\Java\jre1.8.0_111\bin\management.dll
0x000000006e030000 - 0x000000006e04a000 	C:\Program Files\Java\jre1.8.0_111\bin\net.dll
0x000000006e010000 - 0x000000006e021000 	C:\Program Files\Java\jre1.8.0_111\bin\nio.dll
0x00007ff959290000 - 0x00007ff9592a7000 	C:\WINDOWS\SYSTEM32\CRYPTSP.dll
0x00007ff958cf0000 - 0x00007ff958d23000 	C:\WINDOWS\system32\rsaenh.dll
0x00007ff958f70000 - 0x00007ff958f8f000 	C:\WINDOWS\SYSTEM32\USERENV.dll
0x00007ff9592b0000 - 0x00007ff9592bb000 	C:\WINDOWS\SYSTEM32\CRYPTBASE.dll
0x00007ff9520f0000 - 0x00007ff952106000 	C:\WINDOWS\SYSTEM32\dhcpcsvc6.DLL
0x00007ff952050000 - 0x00007ff95206a000 	C:\WINDOWS\SYSTEM32\dhcpcsvc.DLL

VM Arguments:
jvm_args: -agentlib:jdwp=transport=dt_socket,suspend=y,address=localhost:52103 -Dcom.sun.management.jmxremote -Dcom.sun.management.jmxremote.port=52102 -Dcom.sun.management.jmxremote.authenticate=false -Dcom.sun.management.jmxremote.ssl=false -Djava.rmi.server.hostname=localhost -Dspring.liveBeansView.mbeanDomain -Dspring.application.admin.enabled=true -Dfile.encoding=UTF-8 
java_command: br.com.fireware.bpchoque.BpchoqueApplication --spring.output.ansi.enabled=always
java_class_path (initial): C:\Users\Fire7\OneDrive\Desenvolvimento\Git\bpchoque\bpchoqueNovo\target\classes;C:\Users\Fire7\.m2\repository\org\springframework\boot\spring-boot-starter-web\1.4.1.RELEASE\spring-boot-starter-web-1.4.1.RELEASE.jar;C:\Users\Fire7\.m2\repository\org\springframework\boot\spring-boot-starter\1.4.1.RELEASE\spring-boot-starter-1.4.1.RELEASE.jar;C:\Users\Fire7\.m2\repository\org\springframework\boot\spring-boot-starter-logging\1.4.1.RELEASE\spring-boot-starter-logging-1.4.1.RELEASE.jar;C:\Users\Fire7\.m2\repository\org\slf4j\log4j-over-slf4j\1.7.21\log4j-over-slf4j-1.7.21.jar;C:\Users\Fire7\.m2\repository\org\springframework\spring-core\4.3.3.RELEASE\spring-core-4.3.3.RELEASE.jar;C:\Users\Fire7\.m2\repository\org\yaml\snakeyaml\1.17\snakeyaml-1.17.jar;C:\Users\Fire7\.m2\repository\org\springframework\boot\spring-boot-starter-tomcat\1.4.1.RELEASE\spring-boot-starter-tomcat-1.4.1.RELEASE.jar;C:\Users\Fire7\.m2\repository\org\apache\tomcat\embed\tomcat-embed-core\8.5.5\tomcat-embed-core-8.5.5.jar;C:\Users\Fire7\.m2\repository\org\apache\tomcat\embed\tomcat-embed-el\8.5.5\tomcat-embed-el-8.5.5.jar;C:\Users\Fire7\.m2\repository\org\apache\tomcat\embed\tomcat-embed-websocket\8.5.5\tomcat-embed-websocket-8.5.5.jar;C:\Users\Fire7\.m2\repository\org\hibernate\hibernate-validator\5.2.4.Final\hibernate-validator-5.2.4.Final.jar;C:\Users\Fire7\.m2\repository\javax\validation\validation-api\1.1.0.Final\validation-api-1.1.0.Final.jar;C:\Users\Fire7\.m2\repository\com\fasterxml\classmate\1.3.1\classmate-1.3.1.jar;C:\Users\Fire7\.m2\repository\com\fasterxml\jackson\core\jackson-databind\2.8.3\jackson-databind-2.8.3.jar;C:\Users\Fire7\.m2\repository\org\springframework\spring-web\4.3.3.RELEASE\spring-web-4.3.3.RELEASE.jar;C:\Users\Fire7\.m2\repository\org\springframework\spring-beans\4.3.3.RELEASE\spring-beans-4.3.3.RELEASE.jar;C:\Users\Fire7\.m2\repository\org\springframework\spring-webmvc\4.3.3.RELEASE\spring-webmvc-4.3.3.RELEASE.jar;C:\Users\Fire7\.m2\repo
Launcher Type: SUN_STANDARD

Environment Variables:
JAVA_HOME=C:\Program Files\Java\jdk1.8.0_101
PATH=C:/Program Files/Java/jre1.8.0_111/bin/server;C:/Program Files/Java/jre1.8.0_111/bin;C:/Program Files/Java/jre1.8.0_111/lib/amd64;C:\Program Files\ImageMagick-7.0.4-Q16;C:\ProgramData\Oracle\Java\javapath;C:\WINDOWS\system32;C:\WINDOWS;C:\WINDOWS\System32\Wbem;C:\WINDOWS\System32\WindowsPowerShell\v1.0\;C:\Program Files (x86)\Intel\OpenCL SDK\3.0\bin\x86;C:\Program Files (x86)\Intel\OpenCL SDK\3.0\bin\x64;C:\Program Files (x86)\Java\jre6\bin;C:\Program Files (x86)\NVIDIA Corporation\PhysX\Common;C:\Program Files (x86)\MySQL\MySQL Fabric 1.5 & MySQL Utilities 1.5\;C:\Program Files (x86)\MySQL\MySQL Fabric 1.5 & MySQL Utilities 1.5\Doctrine extensions for PHP\;C:\WINDOWS\system32;C:\WINDOWS;C:\WINDOWS\System32\Wbem;C:\WINDOWS\System32\WindowsPowerShell\v1.0\;C:\Program Files (x86)\Brackets\command;D:\GdPicture.NET 12\Redist;C:\Users\Fire7\AppData\Roaming\nvm;C:\Program Files\nodejs;C:\Program Files\Git\cmd;C:\Users\Fire7\AppData\Local\Programs\Python\Python36\Scripts\;C:\Users\Fire7\AppData\Local\Programs\Python\Python36\;C:\Program Files (x86)\Microsoft VS Code\bin;C:\Users\Fire7\AppData\Local\Microsoft\WindowsApps;C:\Program Files\Heroku\bin;C:\Users\Fire7\AppData\Roaming\npm;C:\Users\Fire7\AppData\Roaming\nvm;C:\Program Files\nodejs;C:\Users\Fire7\Desktop\Minhas Pastas\Desenvolvimento\ERP Choque\spring-tool-suite-3.8.2.RELEASE-e4.6.1-win32-x86_64\sts-bundle\sts-3.8.2.RELEASE;
USERNAME=Fire7
OS=Windows_NT
PROCESSOR_IDENTIFIER=Intel64 Family 6 Model 69 Stepping 1, GenuineIntel



---------------  S Y S T E M  ---------------

OS: Windows 10.0 , 64 bit Build 14393 (10.0.14393.1198)

CPU:total 4 (2 cores per cpu, 2 threads per core) family 6 model 69 stepping 1, cmov, cx8, fxsr, mmx, sse, sse2, sse3, ssse3, sse4.1, sse4.2, popcnt, avx, avx2, aes, clmul, erms, lzcnt, ht, tsc, tscinvbit, bmi1, bmi2

Memory: 4k page, physical 8290700k(886488k free), swap 8290700k(3436k free)

vm_info: Java HotSpot(TM) 64-Bit Server VM (25.111-b14) for windows-amd64 JRE (1.8.0_111-b14), built on Sep 22 2016 19:24:05 by "java_re" with MS VC++ 10.0 (VS2010)

time: Tue May 30 09:23:14 2017
elapsed time: 21 seconds (0d 0h 0m 21s)

